#
# There is insufficient memory for the Java Runtime Environment to continue.
# Native memory allocation (mmap) failed to map 65536 bytes for Failed to commit metaspace.
# Possible reasons:
#   The system is out of physical RAM or swap space
#   The process is running with CompressedOops enabled, and the Java Heap may be blocking the growth of the native heap
# Possible solutions:
#   Reduce memory load on the system
#   Increase physical memory or swap space
#   Check if swap backing store is full
#   Decrease Java heap size (-Xmx/-Xms)
#   Decrease number of Java threads
#   Decrease Java thread stack sizes (-Xss)
#   Set larger code cache with -XX:ReservedCodeCacheSize=
#   JVM is running with Unscaled Compressed Oops mode in which the Java heap is
#     placed in the first 4GB address space. The Java Heap base address is the
#     maximum limit for the native heap growth. Please use -XX:HeapBaseMinAddress
#     to set the Java Heap base and to place the Java Heap above 4GB virtual address.
# This output file may be truncated or incomplete.
#
#  Out of Memory Error (virtualSpaceNode.cpp:110), pid=10988, tid=5332
#
# JRE version: Java(TM) SE Runtime Environment (19.0+36) (build 19+36-2238)
# Java VM: Java HotSpot(TM) 64-Bit Server VM (19+36-2238, mixed mode, tiered, compressed oops, compressed class ptrs, g1 gc, windows-amd64)
# No core dump will be written. Minidumps are not enabled by default on client versions of Windows
#

---------------  S U M M A R Y ------------

Command Line: -Dfile.encoding=UTF-8 --module-path=C:\Users\lenovo\Documents\NetBeansProjects\Travel Management System\build\classes travel.management.system.Dashboard

Host: Intel(R) Core(TM) i3-5010U CPU @ 2.10GHz, 4 cores, 3G,  Windows 10 , 64 bit Build 19041 (10.0.19041.2364)
Time: Sun Feb  5 01:26:09 2023 India Standard Time elapsed time: 0.571305 seconds (0d 0h 0m 0s)

---------------  T H R E A D  ---------------

Current thread (0x000002a404409690):  JavaThread "C1 CompilerThread0" daemon [_thread_in_vm, id=5332, stack(0x000000b0c2800000,0x000000b0c2900000)]


Current CompileTask:
C1:    571   39   !   3       java.util.concurrent.ConcurrentHashMap::putVal (432 bytes)

Stack: [0x000000b0c2800000,0x000000b0c2900000]
Native frames: (J=compiled Java code, j=interpreted, Vv=VM code, C=native code)
V  [jvm.dll+0x6ee8fa]
V  [jvm.dll+0x857a1e]
V  [jvm.dll+0x85940e]
V  [jvm.dll+0x859ac3]
V  [jvm.dll+0x28291f]
V  [jvm.dll+0x85369b]
V  [jvm.dll+0x693276]
V  [jvm.dll+0x6932da]
V  [jvm.dll+0x695bd3]
V  [jvm.dll+0x695a9e]
V  [jvm.dll+0x693c9e]
V  [jvm.dll+0x6a557a]
V  [jvm.dll+0x69e54a]
V  [jvm.dll+0x2002f0]
V  [jvm.dll+0x2004d8]
V  [jvm.dll+0x160f1e]
V  [jvm.dll+0x161278]
V  [jvm.dll+0x1606d6]
V  [jvm.dll+0x1623cd]
V  [jvm.dll+0x25b0fa]
V  [jvm.dll+0x259588]
V  [jvm.dll+0x807928]
V  [jvm.dll+0x8015fa]
V  [jvm.dll+0x6ed5eb]
C  [ucrtbase.dll+0x21bb2]
C  [KERNEL32.DLL+0x17614]
C  [ntdll.dll+0x526a1]


---------------  P R O C E S S  ---------------

Threads class SMR info:
_java_thread_list=0x000002a40017ce80, length=10, elements={
0x000002a454559aa0, 0x000002a4001eb550, 0x000002a4001ed250, 0x000002a4001fe040,
0x000002a4001fe970, 0x000002a4001d5c10, 0x000002a4001d6c00, 0x000002a404406d10,
0x000002a404409690, 0x000002a4001d56c0
}

Java Threads: ( => current thread )
  0x000002a454559aa0 JavaThread "main" [_thread_in_vm, id=3132, stack(0x000000b0c1a00000,0x000000b0c1b00000)]
  0x000002a4001eb550 JavaThread "Reference Handler" daemon [_thread_blocked, id=6580, stack(0x000000b0c2100000,0x000000b0c2200000)]
  0x000002a4001ed250 JavaThread "Finalizer" daemon [_thread_blocked, id=2440, stack(0x000000b0c2200000,0x000000b0c2300000)]
  0x000002a4001fe040 JavaThread "Signal Dispatcher" daemon [_thread_blocked, id=4036, stack(0x000000b0c2300000,0x000000b0c2400000)]
  0x000002a4001fe970 JavaThread "Attach Listener" daemon [_thread_blocked, id=5648, stack(0x000000b0c2400000,0x000000b0c2500000)]
  0x000002a4001d5c10 JavaThread "Service Thread" daemon [_thread_blocked, id=1888, stack(0x000000b0c2500000,0x000000b0c2600000)]
  0x000002a4001d6c00 JavaThread "Monitor Deflation Thread" daemon [_thread_blocked, id=5328, stack(0x000000b0c2600000,0x000000b0c2700000)]
  0x000002a404406d10 JavaThread "C2 CompilerThread0" daemon [_thread_blocked, id=12436, stack(0x000000b0c2700000,0x000000b0c2800000)]
=>0x000002a404409690 JavaThread "C1 CompilerThread0" daemon [_thread_in_vm, id=5332, stack(0x000000b0c2800000,0x000000b0c2900000)]
  0x000002a4001d56c0 JavaThread "Sweeper thread" daemon [_thread_blocked, id=3252, stack(0x000000b0c2900000,0x000000b0c2a00000)]

Other Threads:
  0x000002a4001720a0 VMThread "VM Thread" [stack: 0x000000b0c2000000,0x000000b0c2100000] [id=16984]
  0x000002a45459d240 WorkerThread "GC Thread#0" [stack: 0x000000b0c1b00000,0x000000b0c1c00000] [id=13732]
  0x000002a4545a60c0 ConcurrentGCThread "G1 Main Marker" [stack: 0x000000b0c1c00000,0x000000b0c1d00000] [id=11140]
  0x000002a4545a82a0 WorkerThread "G1 Conc#0" [stack: 0x000000b0c1d00000,0x000000b0c1e00000] [id=15092]
  0x000002a454601ad0 ConcurrentGCThread "G1 Refine#0" [stack: 0x000000b0c1e00000,0x000000b0c1f00000] [id=13804]
  0x000002a454603620 ConcurrentGCThread "G1 Service" [stack: 0x000000b0c1f00000,0x000000b0c2000000] [id=13444]

Threads with active compile tasks:
C1 CompilerThread0      706   39   !   3       java.util.concurrent.ConcurrentHashMap::putVal (432 bytes)

VM state: not at safepoint (normal execution)

VM Mutex/Monitor currently owned by a thread:  ([mutex/lock_event])
[0x000002a454558970] Metaspace_lock - owner thread: 0x000002a404409690
[0x000002a45249a960] MethodData_lock - owner thread: 0x000002a404409690

Heap address: 0x00000000c1400000, size: 1004 MB, Compressed Oops mode: 32-bit

CDS archive(s) not mapped
Compressed class space mapped at: 0x0000000100000000-0x0000000140000000, reserved size: 1073741824
Narrow klass base: 0x0000000000000000, Narrow klass shift: 3, Narrow klass range: 0x140000000

GC Precious Log:
 CardTable entry size: 512
 Card Set container configuration: InlinePtr #cards 5 size 8 Array Of Cards #cards 12 size 40 Howl #buckets 4 coarsen threshold 1843 Howl Bitmap #cards 512 size 80 coarsen threshold 460 Card regions per heap region 1 cards per card region 2048
 CPUs: 4 total, 4 available
 Memory: 4011M
 Large Page Support: Disabled
 NUMA Support: Disabled
 Compressed Oops: Enabled (32-bit)
 Heap Region Size: 1M
 Heap Min Capacity: 8M
 Heap Initial Capacity: 64M
 Heap Max Capacity: 1004M
 Pre-touch: Disabled
 Parallel Workers: 4
 Concurrent Workers: 1
 Concurrent Refinement Workers: 4
 Periodic GC: Disabled

Heap:
 garbage-first heap   total 65536K, used 0K [0x00000000c1400000, 0x0000000100000000)
  region size 1024K, 1 young (1024K), 0 survivors (0K)
 Metaspace       used 4629K, committed 4672K, reserved 1114112K
  class space    used 343K, committed 384K, reserved 1048576K

Heap Regions: E=young(eden), S=young(survivor), O=old, HS=humongous(starts), HC=humongous(continues), CS=collection set, F=free, OA=open archive, CA=closed archive, TAMS=top-at-mark-start (previous, next)
|   0|0x00000000c1400000, 0x00000000c1400000, 0x00000000c1500000|  0%| F|  |TAMS 0x00000000c1400000, 0x00000000c1400000| Untracked 
|   1|0x00000000c1500000, 0x00000000c1500000, 0x00000000c1600000|  0%| F|  |TAMS 0x00000000c1500000, 0x00000000c1500000| Untracked 
|   2|0x00000000c1600000, 0x00000000c1600000, 0x00000000c1700000|  0%| F|  |TAMS 0x00000000c1600000, 0x00000000c1600000| Untracked 
|   3|0x00000000c1700000, 0x00000000c1700000, 0x00000000c1800000|  0%| F|  |TAMS 0x00000000c1700000, 0x00000000c1700000| Untracked 
|   4|0x00000000c1800000, 0x00000000c1800000, 0x00000000c1900000|  0%| F|  |TAMS 0x00000000c1800000, 0x00000000c1800000| Untracked 
|   5|0x00000000c1900000, 0x00000000c1900000, 0x00000000c1a00000|  0%| F|  |TAMS 0x00000000c1900000, 0x00000000c1900000| Untracked 
|   6|0x00000000c1a00000, 0x00000000c1a00000, 0x00000000c1b00000|  0%| F|  |TAMS 0x00000000c1a00000, 0x00000000c1a00000| Untracked 
|   7|0x00000000c1b00000, 0x00000000c1b00000, 0x00000000c1c00000|  0%| F|  |TAMS 0x00000000c1b00000, 0x00000000c1b00000| Untracked 
|   8|0x00000000c1c00000, 0x00000000c1c00000, 0x00000000c1d00000|  0%| F|  |TAMS 0x00000000c1c00000, 0x00000000c1c00000| Untracked 
|   9|0x00000000c1d00000, 0x00000000c1d00000, 0x00000000c1e00000|  0%| F|  |TAMS 0x00000000c1d00000, 0x00000000c1d00000| Untracked 
|  10|0x00000000c1e00000, 0x00000000c1e00000, 0x00000000c1f00000|  0%| F|  |TAMS 0x00000000c1e00000, 0x00000000c1e00000| Untracked 
|  11|0x00000000c1f00000, 0x00000000c1f00000, 0x00000000c2000000|  0%| F|  |TAMS 0x00000000c1f00000, 0x00000000c1f00000| Untracked 
|  12|0x00000000c2000000, 0x00000000c2000000, 0x00000000c2100000|  0%| F|  |TAMS 0x00000000c2000000, 0x00000000c2000000| Untracked 
|  13|0x00000000c2100000, 0x00000000c2100000, 0x00000000c2200000|  0%| F|  |TAMS 0x00000000c2100000, 0x00000000c2100000| Untracked 
|  14|0x00000000c2200000, 0x00000000c2200000, 0x00000000c2300000|  0%| F|  |TAMS 0x00000000c2200000, 0x00000000c2200000| Untracked 
|  15|0x00000000c2300000, 0x00000000c2300000, 0x00000000c2400000|  0%| F|  |TAMS 0x00000000c2300000, 0x00000000c2300000| Untracked 
|  16|0x00000000c2400000, 0x00000000c2400000, 0x00000000c2500000|  0%| F|  |TAMS 0x00000000c2400000, 0x00000000c2400000| Untracked 
|  17|0x00000000c2500000, 0x00000000c2500000, 0x00000000c2600000|  0%| F|  |TAMS 0x00000000c2500000, 0x00000000c2500000| Untracked 
|  18|0x00000000c2600000, 0x00000000c2600000, 0x00000000c2700000|  0%| F|  |TAMS 0x00000000c2600000, 0x00000000c2600000| Untracked 
|  19|0x00000000c2700000, 0x00000000c2700000, 0x00000000c2800000|  0%| F|  |TAMS 0x00000000c2700000, 0x00000000c2700000| Untracked 
|  20|0x00000000c2800000, 0x00000000c2800000, 0x00000000c2900000|  0%| F|  |TAMS 0x00000000c2800000, 0x00000000c2800000| Untracked 
|  21|0x00000000c2900000, 0x00000000c2900000, 0x00000000c2a00000|  0%| F|  |TAMS 0x00000000c2900000, 0x00000000c2900000| Untracked 
|  22|0x00000000c2a00000, 0x00000000c2a00000, 0x00000000c2b00000|  0%| F|  |TAMS 0x00000000c2a00000, 0x00000000c2a00000| Untracked 
|  23|0x00000000c2b00000, 0x00000000c2b00000, 0x00000000c2c00000|  0%| F|  |TAMS 0x00000000c2b00000, 0x00000000c2b00000| Untracked 
|  24|0x00000000c2c00000, 0x00000000c2c00000, 0x00000000c2d00000|  0%| F|  |TAMS 0x00000000c2c00000, 0x00000000c2c00000| Untracked 
|  25|0x00000000c2d00000, 0x00000000c2d00000, 0x00000000c2e00000|  0%| F|  |TAMS 0x00000000c2d00000, 0x00000000c2d00000| Untracked 
|  26|0x00000000c2e00000, 0x00000000c2e00000, 0x00000000c2f00000|  0%| F|  |TAMS 0x00000000c2e00000, 0x00000000c2e00000| Untracked 
|  27|0x00000000c2f00000, 0x00000000c2f00000, 0x00000000c3000000|  0%| F|  |TAMS 0x00000000c2f00000, 0x00000000c2f00000| Untracked 
|  28|0x00000000c3000000, 0x00000000c3000000, 0x00000000c3100000|  0%| F|  |TAMS 0x00000000c3000000, 0x00000000c3000000| Untracked 
|  29|0x00000000c3100000, 0x00000000c3100000, 0x00000000c3200000|  0%| F|  |TAMS 0x00000000c3100000, 0x00000000c3100000| Untracked 
|  30|0x00000000c3200000, 0x00000000c3200000, 0x00000000c3300000|  0%| F|  |TAMS 0x00000000c3200000, 0x00000000c3200000| Untracked 
|  31|0x00000000c3300000, 0x00000000c3300000, 0x00000000c3400000|  0%| F|  |TAMS 0x00000000c3300000, 0x00000000c3300000| Untracked 
|  32|0x00000000c3400000, 0x00000000c3400000, 0x00000000c3500000|  0%| F|  |TAMS 0x00000000c3400000, 0x00000000c3400000| Untracked 
|  33|0x00000000c3500000, 0x00000000c3500000, 0x00000000c3600000|  0%| F|  |TAMS 0x00000000c3500000, 0x00000000c3500000| Untracked 
|  34|0x00000000c3600000, 0x00000000c3600000, 0x00000000c3700000|  0%| F|  |TAMS 0x00000000c3600000, 0x00000000c3600000| Untracked 
|  35|0x00000000c3700000, 0x00000000c3700000, 0x00000000c3800000|  0%| F|  |TAMS 0x00000000c3700000, 0x00000000c3700000| Untracked 
|  36|0x00000000c3800000, 0x00000000c3800000, 0x00000000c3900000|  0%| F|  |TAMS 0x00000000c3800000, 0x00000000c3800000| Untracked 
|  37|0x00000000c3900000, 0x00000000c3900000, 0x00000000c3a00000|  0%| F|  |TAMS 0x00000000c3900000, 0x00000000c3900000| Untracked 
|  38|0x00000000c3a00000, 0x00000000c3a00000, 0x00000000c3b00000|  0%| F|  |TAMS 0x00000000c3a00000, 0x00000000c3a00000| Untracked 
|  39|0x00000000c3b00000, 0x00000000c3b00000, 0x00000000c3c00000|  0%| F|  |TAMS 0x00000000c3b00000, 0x00000000c3b00000| Untracked 
|  40|0x00000000c3c00000, 0x00000000c3c00000, 0x00000000c3d00000|  0%| F|  |TAMS 0x00000000c3c00000, 0x00000000c3c00000| Untracked 
|  41|0x00000000c3d00000, 0x00000000c3d00000, 0x00000000c3e00000|  0%| F|  |TAMS 0x00000000c3d00000, 0x00000000c3d00000| Untracked 
|  42|0x00000000c3e00000, 0x00000000c3e00000, 0x00000000c3f00000|  0%| F|  |TAMS 0x00000000c3e00000, 0x00000000c3e00000| Untracked 
|  43|0x00000000c3f00000, 0x00000000c3f00000, 0x00000000c4000000|  0%| F|  |TAMS 0x00000000c3f00000, 0x00000000c3f00000| Untracked 
|  44|0x00000000c4000000, 0x00000000c4000000, 0x00000000c4100000|  0%| F|  |TAMS 0x00000000c4000000, 0x00000000c4000000| Untracked 
|  45|0x00000000c4100000, 0x00000000c4100000, 0x00000000c4200000|  0%| F|  |TAMS 0x00000000c4100000, 0x00000000c4100000| Untracked 
|  46|0x00000000c4200000, 0x00000000c4200000, 0x00000000c4300000|  0%| F|  |TAMS 0x00000000c4200000, 0x00000000c4200000| Untracked 
|  47|0x00000000c4300000, 0x00000000c4300000, 0x00000000c4400000|  0%| F|  |TAMS 0x00000000c4300000, 0x00000000c4300000| Untracked 
|  48|0x00000000c4400000, 0x00000000c4400000, 0x00000000c4500000|  0%| F|  |TAMS 0x00000000c4400000, 0x00000000c4400000| Untracked 
|  49|0x00000000c4500000, 0x00000000c4500000, 0x00000000c4600000|  0%| F|  |TAMS 0x00000000c4500000, 0x00000000c4500000| Untracked 
|  50|0x00000000c4600000, 0x00000000c4600000, 0x00000000c4700000|  0%| F|  |TAMS 0x00000000c4600000, 0x00000000c4600000| Untracked 
|  51|0x00000000c4700000, 0x00000000c4700000, 0x00000000c4800000|  0%| F|  |TAMS 0x00000000c4700000, 0x00000000c4700000| Untracked 
|  52|0x00000000c4800000, 0x00000000c4800000, 0x00000000c4900000|  0%| F|  |TAMS 0x00000000c4800000, 0x00000000c4800000| Untracked 
|  53|0x00000000c4900000, 0x00000000c4900000, 0x00000000c4a00000|  0%| F|  |TAMS 0x00000000c4900000, 0x00000000c4900000| Untracked 
|  54|0x00000000c4a00000, 0x00000000c4a00000, 0x00000000c4b00000|  0%| F|  |TAMS 0x00000000c4a00000, 0x00000000c4a00000| Untracked 
|  55|0x00000000c4b00000, 0x00000000c4b00000, 0x00000000c4c00000|  0%| F|  |TAMS 0x00000000c4b00000, 0x00000000c4b00000| Untracked 
|  56|0x00000000c4c00000, 0x00000000c4c00000, 0x00000000c4d00000|  0%| F|  |TAMS 0x00000000c4c00000, 0x00000000c4c00000| Untracked 
|  57|0x00000000c4d00000, 0x00000000c4d00000, 0x00000000c4e00000|  0%| F|  |TAMS 0x00000000c4d00000, 0x00000000c4d00000| Untracked 
|  58|0x00000000c4e00000, 0x00000000c4e00000, 0x00000000c4f00000|  0%| F|  |TAMS 0x00000000c4e00000, 0x00000000c4e00000| Untracked 
|  59|0x00000000c4f00000, 0x00000000c4f00000, 0x00000000c5000000|  0%| F|  |TAMS 0x00000000c4f00000, 0x00000000c4f00000| Untracked 
|  60|0x00000000c5000000, 0x00000000c5000000, 0x00000000c5100000|  0%| F|  |TAMS 0x00000000c5000000, 0x00000000c5000000| Untracked 
|  61|0x00000000c5100000, 0x00000000c5100000, 0x00000000c5200000|  0%| F|  |TAMS 0x00000000c5100000, 0x00000000c5100000| Untracked 
|  62|0x00000000c5200000, 0x00000000c5200000, 0x00000000c5300000|  0%| F|  |TAMS 0x00000000c5200000, 0x00000000c5200000| Untracked 
|  63|0x00000000c5300000, 0x00000000c5400000, 0x00000000c5400000|100%| E|  |TAMS 0x00000000c5300000, 0x00000000c5300000| Complete 

Card table byte_map: [0x000002a46b6c0000,0x000002a46b8c0000] _byte_map_base: 0x000002a46b0b6000

Marking Bits (Prev, Next): (CMBitMap*) 0x000002a45459d870, (CMBitMap*) 0x000002a45459d8b0
 Prev Bits: [0x000002a46bac0000, 0x000002a46ca70000)
 Next Bits: [0x000002a46ca70000, 0x000002a46da20000)

Polling page: 0x000002a452380000

Metaspace:

Usage:
  Non-class:      4.19 MB used.
      Class:    343.84 KB used.
       Both:      4.52 MB used.

Virtual space:
  Non-class space:       64.00 MB reserved,       4.19 MB (  7%) committed,  1 nodes.
      Class space:        1.00 GB reserved,     384.00 KB ( <1%) committed,  1 nodes.
             Both:        1.06 GB reserved,       4.56 MB ( <1%) committed. 

Chunk freelists:
   Non-Class:  3.00 MB
       Class:  3.62 MB
        Both:  6.62 MB

MaxMetaspaceSize: unlimited
CompressedClassSpaceSize: 1.00 GB
Initial GC threshold: 21.00 MB
Current GC threshold: 21.00 MB
CDS: off
MetaspaceReclaimPolicy: balanced
 - commit_granule_bytes: 65536.
 - commit_granule_words: 8192.
 - virtual_space_node_default_size: 8388608.
 - enlarge_chunks_in_place: 1.
 - new_chunks_are_fully_committed: 0.
 - uncommit_free_chunks: 1.
 - use_allocation_guard: 0.


Internal statistics:

num_allocs_failed_limit: 0.
num_arena_births: 2.
num_arena_deaths: 0.
num_vsnodes_births: 2.
num_vsnodes_deaths: 0.
num_space_committed: 73.
num_space_uncommitted: 0.
num_chunks_returned_to_freelist: 0.
num_chunks_taken_from_freelist: 5.
num_chunk_merges: 0.
num_chunk_splits: 2.
num_chunks_enlarged: 0.
num_inconsistent_stats: 0.

CodeHeap 'non-profiled nmethods': size=120000Kb used=6Kb max_used=6Kb free=119994Kb
 bounds [0x000002a463f90000, 0x000002a464200000, 0x000002a46b4c0000]
CodeHeap 'profiled nmethods': size=120000Kb used=41Kb max_used=41Kb free=119958Kb
 bounds [0x000002a45c4c0000, 0x000002a45c730000, 0x000002a4639f0000]
CodeHeap 'non-nmethods': size=5760Kb used=1146Kb max_used=1146Kb free=4613Kb
 bounds [0x000002a4639f0000, 0x000002a463c60000, 0x000002a463f90000]
 total_blobs=365 nmethods=38 adapters=238
 compilation: enabled
              stopped_count=0, restarted_count=0
 full_count=0

Compilation events (20 events):
Event: 0.469 Thread 0x000002a404409690 nmethod 26 0x000002a45c4c7610 code [0x000002a45c4c7820, 0x000002a45c4c7cb8]
Event: 0.469 Thread 0x000002a404409690   27       3       java.lang.StringLatin1::indexOfChar (33 bytes)
Event: 0.469 Thread 0x000002a404409690 nmethod 27 0x000002a45c4c7e90 code [0x000002a45c4c8040, 0x000002a45c4c8278]
Event: 0.483 Thread 0x000002a404409690   28       3       java.lang.String::isEmpty (14 bytes)
Event: 0.484 Thread 0x000002a404409690 nmethod 28 0x000002a45c4c8390 code [0x000002a45c4c8520, 0x000002a45c4c8698]
Event: 0.491 Thread 0x000002a404409690   29       3       java.util.ImmutableCollections$SetN$SetNIterator::hasNext (13 bytes)
Event: 0.491 Thread 0x000002a404409690 nmethod 29 0x000002a45c4c8790 code [0x000002a45c4c8920, 0x000002a45c4c8a98]
Event: 0.492 Thread 0x000002a404409690   30       3       java.util.concurrent.ConcurrentHashMap::tabAt (22 bytes)
Event: 0.492 Thread 0x000002a404409690 nmethod 30 0x000002a45c4c8b10 code [0x000002a45c4c8cc0, 0x000002a45c4c8f78]
Event: 0.492 Thread 0x000002a404409690   31       3       jdk.internal.misc.Unsafe::getReferenceAcquire (7 bytes)
Event: 0.492 Thread 0x000002a404409690 nmethod 31 0x000002a45c4c9090 code [0x000002a45c4c9220, 0x000002a45c4c9378]
Event: 0.492 Thread 0x000002a404409690   32       3       java.util.concurrent.ConcurrentHashMap::spread (10 bytes)
Event: 0.492 Thread 0x000002a404409690 nmethod 32 0x000002a45c4c9410 code [0x000002a45c4c95a0, 0x000002a45c4c9698]
Event: 0.492 Thread 0x000002a404409690   33       3       java.util.ImmutableCollections$SetN$SetNIterator::next (90 bytes)
Event: 0.493 Thread 0x000002a404409690 nmethod 33 0x000002a45c4c9710 code [0x000002a45c4c98e0, 0x000002a45c4c9be8]
Event: 0.541 Thread 0x000002a404409690   34       3       java.util.HashMap::hash (20 bytes)
Event: 0.541 Thread 0x000002a404409690 nmethod 34 0x000002a45c4c9d90 code [0x000002a45c4c9f40, 0x000002a45c4ca148]
Event: 0.547 Thread 0x000002a404409690   35       3       java.lang.StringLatin1::canEncode (13 bytes)
Event: 0.547 Thread 0x000002a404409690 nmethod 35 0x000002a45c4ca210 code [0x000002a45c4ca3a0, 0x000002a45c4ca4f8]
Event: 0.556 Thread 0x000002a404409690   39   !   3       java.util.concurrent.ConcurrentHashMap::putVal (432 bytes)

GC Heap History (0 events):
No events

Dll operation events (2 events):
Event: 0.013 Loaded shared library C:\Program Files\Java\jdk-19\bin\java.dll
Event: 0.318 Loaded shared library C:\Program Files\Java\jdk-19\bin\jsvml.dll

Deoptimization events (0 events):
No events

Classes loaded (20 events):
Event: 0.552 Loading class java/lang/invoke/LambdaForm$Holder
Event: 0.552 Loading class java/lang/invoke/LambdaForm$Holder done
Event: 0.552 Loading class java/lang/invoke/InvokerBytecodeGenerator
Event: 0.553 Loading class java/lang/invoke/InvokerBytecodeGenerator done
Event: 0.553 Loading class java/lang/invoke/InvokerBytecodeGenerator$2
Event: 0.553 Loading class java/lang/invoke/InvokerBytecodeGenerator$2 done
Event: 0.553 Loading class java/lang/invoke/MethodHandleImpl$Intrinsic
Event: 0.553 Loading class java/lang/invoke/MethodHandleImpl$Intrinsic done
Event: 0.554 Loading class java/lang/invoke/BoundMethodHandle
Event: 0.554 Loading class java/lang/invoke/BoundMethodHandle done
Event: 0.554 Loading class java/lang/invoke/BoundMethodHandle$Specializer
Event: 0.555 Loading class java/lang/invoke/ClassSpecializer
Event: 0.555 Loading class java/lang/invoke/ClassSpecializer done
Event: 0.555 Loading class java/lang/invoke/BoundMethodHandle$Specializer done
Event: 0.555 Loading class java/lang/invoke/ClassSpecializer$1
Event: 0.555 Loading class java/lang/invoke/ClassSpecializer$1 done
Event: 0.555 Loading class java/lang/invoke/BoundMethodHandle$SpeciesData
Event: 0.555 Loading class java/lang/invoke/ClassSpecializer$SpeciesData
Event: 0.556 Loading class java/lang/invoke/ClassSpecializer$SpeciesData done
Event: 0.556 Loading class java/lang/invoke/BoundMethodHandle$SpeciesData done

Classes unloaded (0 events):
No events

Classes redefined (0 events):
No events

Internal exceptions (0 events):
No events

VM Operations (0 events):
No events

Events (10 events):
Event: 0.318 Thread 0x000002a454559aa0 Thread added: 0x000002a454559aa0
Event: 0.410 Thread 0x000002a4001eb550 Thread added: 0x000002a4001eb550
Event: 0.410 Thread 0x000002a4001ed250 Thread added: 0x000002a4001ed250
Event: 0.412 Thread 0x000002a4001fe040 Thread added: 0x000002a4001fe040
Event: 0.412 Thread 0x000002a4001fe970 Thread added: 0x000002a4001fe970
Event: 0.413 Thread 0x000002a4001d5c10 Thread added: 0x000002a4001d5c10
Event: 0.413 Thread 0x000002a4001d6c00 Thread added: 0x000002a4001d6c00
Event: 0.413 Thread 0x000002a404406d10 Thread added: 0x000002a404406d10
Event: 0.413 Thread 0x000002a404409690 Thread added: 0x000002a404409690
Event: 0.413 Thread 0x000002a4001d56c0 Thread added: 0x000002a4001d56c0


Dynamic libraries:
0x00007ff7dce20000 - 0x00007ff7dce30000 	C:\Program Files\Java\jdk-19\bin\java.exe
0x00007ff92e090000 - 0x00007ff92e288000 	C:\Windows\SYSTEM32\ntdll.dll
0x00007ff92cb10000 - 0x00007ff92cbcf000 	C:\Windows\System32\KERNEL32.DLL
0x00007ff92bbe0000 - 0x00007ff92beb2000 	C:\Windows\System32\KERNELBASE.dll
0x00007ff92ba50000 - 0x00007ff92bb50000 	C:\Windows\System32\ucrtbase.dll
0x00007ff914810000 - 0x00007ff91482b000 	C:\Program Files\Java\jdk-19\bin\VCRUNTIME140.dll
0x00007ff91dc50000 - 0x00007ff91dc68000 	C:\Program Files\Java\jdk-19\bin\jli.dll
0x00007ff92c190000 - 0x00007ff92c23e000 	C:\Windows\System32\ADVAPI32.dll
0x00007ff92c520000 - 0x00007ff92c5be000 	C:\Windows\System32\msvcrt.dll
0x00007ff92cbd0000 - 0x00007ff92cc6c000 	C:\Windows\System32\sechost.dll
0x00007ff92d990000 - 0x00007ff92dab5000 	C:\Windows\System32\RPCRT4.dll
0x00007ff92d3c0000 - 0x00007ff92d561000 	C:\Windows\System32\USER32.dll
0x00007ff92b910000 - 0x00007ff92b932000 	C:\Windows\System32\win32u.dll
0x00007ff91ca50000 - 0x00007ff91ccea000 	C:\Windows\WinSxS\amd64_microsoft.windows.common-controls_6595b64144ccf1df_6.0.19041.1110_none_60b5254171f9507e\COMCTL32.dll
0x00007ff92c6e0000 - 0x00007ff92c70b000 	C:\Windows\System32\GDI32.dll
0x00007ff92b940000 - 0x00007ff92ba4f000 	C:\Windows\System32\gdi32full.dll
0x00007ff92b870000 - 0x00007ff92b90d000 	C:\Windows\System32\msvcp_win.dll
0x00007ff91a840000 - 0x00007ff91a84a000 	C:\Windows\SYSTEM32\VERSION.dll
0x00007ff92c150000 - 0x00007ff92c182000 	C:\Windows\System32\IMM32.DLL
0x00007ff91d970000 - 0x00007ff91d97c000 	C:\Program Files\Java\jdk-19\bin\vcruntime140_1.dll
0x00007ff905120000 - 0x00007ff9051ae000 	C:\Program Files\Java\jdk-19\bin\msvcp140.dll
0x00007ff8fa240000 - 0x00007ff8faf00000 	C:\Program Files\Java\jdk-19\bin\server\jvm.dll
0x00007ff91dfc0000 - 0x00007ff91dfc9000 	C:\Windows\SYSTEM32\WSOCK32.dll
0x00007ff91d7d0000 - 0x00007ff91d7f7000 	C:\Windows\SYSTEM32\WINMM.dll
0x00007ff92caa0000 - 0x00007ff92cb0b000 	C:\Windows\System32\WS2_32.dll
0x00007ff929640000 - 0x00007ff929652000 	C:\Windows\SYSTEM32\kernel.appcore.dll
0x00007ff91d170000 - 0x00007ff91d17a000 	C:\Program Files\Java\jdk-19\bin\jimage.dll
0x00007ff9194a0000 - 0x00007ff919684000 	C:\Windows\SYSTEM32\DBGHELP.DLL
0x00007ff9199b0000 - 0x00007ff9199e5000 	C:\Windows\SYSTEM32\dbgcore.DLL
0x00007ff92bb50000 - 0x00007ff92bbd2000 	C:\Windows\System32\bcryptPrimitives.dll
0x00007ff9147a0000 - 0x00007ff9147c6000 	C:\Program Files\Java\jdk-19\bin\java.dll
0x00007ff9065f0000 - 0x00007ff9066c7000 	C:\Program Files\Java\jdk-19\bin\jsvml.dll
0x00007ff92cc70000 - 0x00007ff92d3b4000 	C:\Windows\System32\SHELL32.dll
0x00007ff929840000 - 0x00007ff929fd2000 	C:\Windows\SYSTEM32\windows.storage.dll
0x00007ff92c710000 - 0x00007ff92ca65000 	C:\Windows\System32\combase.dll
0x00007ff92b100000 - 0x00007ff92b130000 	C:\Windows\SYSTEM32\Wldp.dll
0x00007ff92d580000 - 0x00007ff92d62d000 	C:\Windows\System32\SHCORE.dll
0x00007ff92df30000 - 0x00007ff92df85000 	C:\Windows\System32\shlwapi.dll
0x00007ff92b6c0000 - 0x00007ff92b6df000 	C:\Windows\SYSTEM32\profapi.dll

dbghelp: loaded successfully - version: 4.0.5 - missing functions: none
symbol engine: initialized successfully - sym options: 0x614 - pdb path: .;C:\Program Files\Java\jdk-19\bin;C:\Windows\SYSTEM32;C:\Windows\WinSxS\amd64_microsoft.windows.common-controls_6595b64144ccf1df_6.0.19041.1110_none_60b5254171f9507e;C:\Program Files\Java\jdk-19\bin\server

VM Arguments:
jvm_args: -Dfile.encoding=UTF-8 --module-path=C:\Users\lenovo\Documents\NetBeansProjects\Travel Management System\build\classes 
java_command: travel.management.system.Dashboard
java_class_path (initial): C:\Users\lenovo\Downloads\com;C:\Users\lenovo\Downloads\mysql-connector-java-8.0.28;C:\Users\lenovo\Documents\NetBeansProjects\Travel Management System\build\classes
Launcher Type: SUN_STANDARD

[Global flags]
     intx CICompilerCount                          = 3                                         {product} {ergonomic}
     uint ConcGCThreads                            = 1                                         {product} {ergonomic}
     uint G1ConcRefinementThreads                  = 4                                         {product} {ergonomic}
   size_t G1HeapRegionSize                         = 1048576                                   {product} {ergonomic}
    uintx GCDrainStackTargetSize                   = 64                                        {product} {ergonomic}
   size_t InitialHeapSize                          = 67108864                                  {product} {ergonomic}
   size_t MarkStackSize                            = 4194304                                   {product} {ergonomic}
   size_t MaxHeapSize                              = 1052770304                                {product} {ergonomic}
   size_t MaxNewSize                               = 631242752                                 {product} {ergonomic}
   size_t MinHeapDeltaBytes                        = 1048576                                   {product} {ergonomic}
   size_t MinHeapSize                              = 8388608                                   {product} {ergonomic}
    uintx NonNMethodCodeHeapSize                   = 5832780                                {pd product} {ergonomic}
    uintx NonProfiledCodeHeapSize                  = 122912730                              {pd product} {ergonomic}
    uintx ProfiledCodeHeapSize                     = 122912730                              {pd product} {ergonomic}
    uintx ReservedCodeCacheSize                    = 251658240                              {pd product} {ergonomic}
     bool SegmentedCodeCache                       = true                                      {product} {ergonomic}
   size_t SoftMaxHeapSize                          = 1052770304                             {manageable} {ergonomic}
     bool UseCompressedClassPointers               = true                           {product lp64_product} {ergonomic}
     bool UseCompressedOops                        = true                           {product lp64_product} {ergonomic}
     bool UseG1GC                                  = true                                      {product} {ergonomic}
     bool UseLargePagesIndividualAllocation        = false                                  {pd product} {ergonomic}

Logging:
Log output configuration:
 #0: stdout all=warning uptime,level,tags foldmultilines=false
 #1: stderr all=off uptime,level,tags foldmultilines=false

Environment Variables:
PATH=C:\Program Files\Microsoft\jdk-11.0.12.7-hotspot\bin;C:\Program Files\Common Files\Oracle\Java\javapath;C:\Windows\system32;C:\Windows;C:\Windows\System32\Wbem;C:\Windows\System32\WindowsPowerShell\v1.0\;C:\Windows\System32\OpenSSH\;C:\Program Files\Microsoft VS Code\bin;C:\Program Files\Java\jdk-19\bin;C:\Program Files\Microsoft SQL Server\150\Tools\Binn\;C:\Program Files\Microsoft SQL Server\Client SDK\ODBC\170\Tools\Binn\;C:\Program Files\dotnet\;C:\Program Files\MySQL\MySQL Shell 8.0\bin\;C:\Program Files (x86)\Microsoft Visual Studio\visual basic\Tools\WinNT;C:\Program Files (x86)\Microsoft Visual Studio\visual basic\MSDev98\Bin;C:\Program Files (x86)\Microsoft Visual Studio\visual basic\Tools;C:\Program Files (x86)\Microsoft Visual Studio\VC98\bin;C:\Users\lenovo\AppData\Local\Microsoft\WindowsApps;C:\Users\lenovo\.dotnet\tools
USERNAME=lenovo
OS=Windows_NT
PROCESSOR_IDENTIFIER=Intel64 Family 6 Model 61 Stepping 4, GenuineIntel
TMP=C:\Users\lenovo\AppData\Local\Temp
TEMP=C:\Users\lenovo\AppData\Local\Temp



---------------  S Y S T E M  ---------------

OS:
 Windows 10 , 64 bit Build 19041 (10.0.19041.2364)
OS uptime: 12 days 15:45 hours

CPU: total 4 (initial active 4) (2 cores per cpu, 2 threads per core) family 6 model 61 stepping 4 microcode 0x2d, cx8, cmov, fxsr, ht, mmx, 3dnowpref, sse, sse2, sse3, ssse3, sse4.1, sse4.2, popcnt, lzcnt, tsc, tscinvbit, avx, avx2, aes, erms, clmul, bmi1, bmi2, adx, fma, vzeroupper, clflush, rdtscp

Memory: 4k page, system-wide physical 4011M (333M free)
TotalPageFile size 16299M (AvailPageFile size 0M)
current process WorkingSet (physical memory assigned to process): 26M, peak: 26M
current process commit charge ("private bytes"): 127M, peak: 130M

vm_info: Java HotSpot(TM) 64-Bit Server VM (19+36-2238) for windows-amd64 JRE (19+36-2238), built on 2022-08-12T20:29:01Z by "mach5one" with MS VC++ 17.1 (VS2022)

END.
