#
# There is insufficient memory for the Java Runtime Environment to continue.
# Native memory allocation (mmap) failed to map 67108864 bytes for G1 virtual space
# Possible reasons:
#   The system is out of physical RAM or swap space
#   The process is running with CompressedOops enabled, and the Java Heap may be blocking the growth of the native heap
# Possible solutions:
#   Reduce memory load on the system
#   Increase physical memory or swap space
#   Check if swap backing store is full
#   Decrease Java heap size (-Xmx/-Xms)
#   Decrease number of Java threads
#   Decrease Java thread stack sizes (-Xss)
#   Set larger code cache with -XX:ReservedCodeCacheSize=
#   JVM is running with Unscaled Compressed Oops mode in which the Java heap is
#     placed in the first 4GB address space. The Java Heap base address is the
#     maximum limit for the native heap growth. Please use -XX:HeapBaseMinAddress
#     to set the Java Heap base and to place the Java Heap above 4GB virtual address.
# This output file may be truncated or incomplete.
#
#  Out of Memory Error (os_windows.cpp:3527), pid=5828, tid=17552
#
# JRE version:  (19.0+36) (build )
# Java VM: Java HotSpot(TM) 64-Bit Server VM (19+36-2238, mixed mode, sharing, tiered, compressed oops, compressed class ptrs, g1 gc, windows-amd64)
# No core dump will be written. Minidumps are not enabled by default on client versions of Windows
#

---------------  S U M M A R Y ------------

Command Line: -Dfile.encoding=UTF-8 --module-path=C:\Users\lenovo\Documents\NetBeansProjects\Travel Management System\build\classes travel.management.system.Dashboard

Host: Intel(R) Core(TM) i3-5010U CPU @ 2.10GHz, 4 cores, 3G,  Windows 10 , 64 bit Build 19041 (10.0.19041.2364)
Time: Fri Feb  3 20:27:07 2023 India Standard Time elapsed time: 0.019993 seconds (0d 0h 0m 0s)

---------------  T H R E A D  ---------------

Current thread (0x000001376b209970):  JavaThread "Unknown thread" [_thread_in_vm, id=17552, stack(0x00000031dbf00000,0x00000031dc000000)]

Stack: [0x00000031dbf00000,0x00000031dc000000]
Native frames: (J=compiled Java code, j=interpreted, Vv=VM code, C=native code)
V  [jvm.dll+0x6ee8fa]
V  [jvm.dll+0x857a1e]
V  [jvm.dll+0x85940e]
V  [jvm.dll+0x859ac3]
V  [jvm.dll+0x28291f]
V  [jvm.dll+0x6eb6e9]
V  [jvm.dll+0x6e028a]
V  [jvm.dll+0x357136]
V  [jvm.dll+0x35eb96]
V  [jvm.dll+0x3b555e]
V  [jvm.dll+0x3b578f]
V  [jvm.dll+0x32c6ea]
V  [jvm.dll+0x32d59e]
V  [jvm.dll+0x821b20]
V  [jvm.dll+0x3c27c1]
V  [jvm.dll+0x8022f1]
V  [jvm.dll+0x44b30f]
V  [jvm.dll+0x44cc91]
C  [jli.dll+0x5287]
C  [ucrtbase.dll+0x21bb2]
C  [KERNEL32.DLL+0x17614]
C  [ntdll.dll+0x526a1]


---------------  P R O C E S S  ---------------

Threads class SMR info:
_java_thread_list=0x00007ff8f277d048, length=0, elements={
}

Java Threads: ( => current thread )

Other Threads:
  0x000001376b24b160 WorkerThread "GC Thread#0" [stack: 0x00000031dc000000,0x00000031dc100000] [id=13036]
  0x000001376b253fe0 ConcurrentGCThread "G1 Main Marker" [stack: 0x00000031dc100000,0x00000031dc200000] [id=7304]
  0x000001376b2561c0 WorkerThread "G1 Conc#0" [stack: 0x00000031dc200000,0x00000031dc300000] [id=14976]

[error occurred during error reporting (printing all threads), id 0xc0000005, EXCEPTION_ACCESS_VIOLATION (0xc0000005) at pc=0x00007ff8f1f3d127]

VM state: not at safepoint (not fully initialized)

VM Mutex/Monitor currently owned by a thread:  ([mutex/lock_event])
[0x000001376b204610] Heap_lock - owner thread: 0x000001376b209970

Heap address: 0x00000000c1400000, size: 1004 MB, Compressed Oops mode: 32-bit

CDS archive(s) mapped at: [0x0000000000000000-0x0000000000000000-0x0000000000000000), size 0, SharedBaseAddress: 0x0000000800000000, ArchiveRelocationMode: 0.
Narrow klass base: 0x0000000000000000, Narrow klass shift: 0, Narrow klass range: 0x0

GC Precious Log:
 CardTable entry size: 512
 Card Set container configuration: InlinePtr #cards 5 size 8 Array Of Cards #cards 12 size 40 Howl #buckets 4 coarsen threshold 1843 Howl Bitmap #cards 512 size 80 coarsen threshold 460 Card regions per heap region 1 cards per card region 2048

Heap:
 garbage-first heap   total 0K, used 0K [0x00000000c1400000, 0x0000000100000000)
  region size 1024K, 0 young (0K), 0 survivors (0K)

[error occurred during error reporting (printing heap information), id 0xc0000005, EXCEPTION_ACCESS_VIOLATION (0xc0000005) at pc=0x00007ff8f2346959]

GC Heap History (0 events):
No events

Dll operation events (1 events):
Event: 0.012 Loaded shared library C:\Program Files\Java\jdk-19\bin\java.dll

Deoptimization events (0 events):
No events

Classes loaded (0 events):
No events

Classes unloaded (0 events):
No events

Classes redefined (0 events):
No events

Internal exceptions (0 events):
No events

VM Operations (0 events):
No events

Events (0 events):
No events


Dynamic libraries:
0x00007ff757590000 - 0x00007ff7575a0000 	C:\Program Files\Java\jdk-19\bin\java.exe
0x00007ff92e090000 - 0x00007ff92e288000 	C:\Windows\SYSTEM32\ntdll.dll
0x00007ff92cb10000 - 0x00007ff92cbcf000 	C:\Windows\System32\KERNEL32.DLL
0x00007ff92bbe0000 - 0x00007ff92beb2000 	C:\Windows\System32\KERNELBASE.dll
0x00007ff92ba50000 - 0x00007ff92bb50000 	C:\Windows\System32\ucrtbase.dll
0x00007ff91d6c0000 - 0x00007ff91d6d8000 	C:\Program Files\Java\jdk-19\bin\jli.dll
0x00007ff910f40000 - 0x00007ff910f5b000 	C:\Program Files\Java\jdk-19\bin\VCRUNTIME140.dll
0x00007ff92c190000 - 0x00007ff92c23e000 	C:\Windows\System32\ADVAPI32.dll
0x00007ff92c520000 - 0x00007ff92c5be000 	C:\Windows\System32\msvcrt.dll
0x00007ff92cbd0000 - 0x00007ff92cc6c000 	C:\Windows\System32\sechost.dll
0x00007ff92d990000 - 0x00007ff92dab5000 	C:\Windows\System32\RPCRT4.dll
0x00007ff92d3c0000 - 0x00007ff92d561000 	C:\Windows\System32\USER32.dll
0x00007ff92b910000 - 0x00007ff92b932000 	C:\Windows\System32\win32u.dll
0x00007ff92c6e0000 - 0x00007ff92c70b000 	C:\Windows\System32\GDI32.dll
0x00007ff91ca50000 - 0x00007ff91ccea000 	C:\Windows\WinSxS\amd64_microsoft.windows.common-controls_6595b64144ccf1df_6.0.19041.1110_none_60b5254171f9507e\COMCTL32.dll
0x00007ff92b940000 - 0x00007ff92ba4f000 	C:\Windows\System32\gdi32full.dll
0x00007ff92b870000 - 0x00007ff92b90d000 	C:\Windows\System32\msvcp_win.dll
0x00007ff91a840000 - 0x00007ff91a84a000 	C:\Windows\SYSTEM32\VERSION.dll
0x00007ff92c150000 - 0x00007ff92c182000 	C:\Windows\System32\IMM32.DLL
0x00007ff916a70000 - 0x00007ff916a7c000 	C:\Program Files\Java\jdk-19\bin\vcruntime140_1.dll
0x00007ff9041c0000 - 0x00007ff90424e000 	C:\Program Files\Java\jdk-19\bin\msvcp140.dll
0x00007ff8f1c00000 - 0x00007ff8f28c0000 	C:\Program Files\Java\jdk-19\bin\server\jvm.dll
0x00007ff925820000 - 0x00007ff925829000 	C:\Windows\SYSTEM32\WSOCK32.dll
0x00007ff9257e0000 - 0x00007ff925807000 	C:\Windows\SYSTEM32\WINMM.dll
0x00007ff92caa0000 - 0x00007ff92cb0b000 	C:\Windows\System32\WS2_32.dll
0x00007ff929640000 - 0x00007ff929652000 	C:\Windows\SYSTEM32\kernel.appcore.dll
0x00007ff916510000 - 0x00007ff91651a000 	C:\Program Files\Java\jdk-19\bin\jimage.dll
0x00007ff9194a0000 - 0x00007ff919684000 	C:\Windows\SYSTEM32\DBGHELP.DLL
0x00007ff9199b0000 - 0x00007ff9199e5000 	C:\Windows\SYSTEM32\dbgcore.DLL
0x00007ff92bb50000 - 0x00007ff92bbd2000 	C:\Windows\System32\bcryptPrimitives.dll
0x00007ff90a110000 - 0x00007ff90a136000 	C:\Program Files\Java\jdk-19\bin\java.dll

dbghelp: loaded successfully - version: 4.0.5 - missing functions: none
symbol engine: initialized successfully - sym options: 0x614 - pdb path: .;C:\Program Files\Java\jdk-19\bin;C:\Windows\SYSTEM32;C:\Windows\WinSxS\amd64_microsoft.windows.common-controls_6595b64144ccf1df_6.0.19041.1110_none_60b5254171f9507e;C:\Program Files\Java\jdk-19\bin\server

VM Arguments:
jvm_args: -Dfile.encoding=UTF-8 --module-path=C:\Users\lenovo\Documents\NetBeansProjects\Travel Management System\build\classes 
java_command: travel.management.system.Dashboard
java_class_path (initial): C:\Users\lenovo\Downloads\com;C:\Users\lenovo\Downloads\mysql-connector-java-8.0.28;C:\Users\lenovo\Documents\NetBeansProjects\Travel Management System\build\classes
Launcher Type: SUN_STANDARD

[Global flags]
     intx CICompilerCount                          = 3                                         {product} {ergonomic}
     uint ConcGCThreads                            = 1                                         {product} {ergonomic}
     uint G1ConcRefinementThreads                  = 4                                         {product} {ergonomic}
   size_t G1HeapRegionSize                         = 1048576                                   {product} {ergonomic}
    uintx GCDrainStackTargetSize                   = 64                                        {product} {ergonomic}
   size_t InitialHeapSize                          = 67108864                                  {product} {ergonomic}
   size_t MarkStackSize                            = 4194304                                   {product} {ergonomic}
   size_t MaxHeapSize                              = 1052770304                                {product} {ergonomic}
   size_t MinHeapDeltaBytes                        = 1048576                                   {product} {ergonomic}
   size_t MinHeapSize                              = 8388608                                   {product} {ergonomic}
    uintx NonNMethodCodeHeapSize                   = 5832780                                {pd product} {ergonomic}
    uintx NonProfiledCodeHeapSize                  = 122912730                              {pd product} {ergonomic}
    uintx ProfiledCodeHeapSize                     = 122912730                              {pd product} {ergonomic}
    uintx ReservedCodeCacheSize                    = 251658240                              {pd product} {ergonomic}
     bool SegmentedCodeCache                       = true                                      {product} {ergonomic}
   size_t SoftMaxHeapSize                          = 1052770304                             {manageable} {ergonomic}
     bool UseCompressedClassPointers               = true                           {product lp64_product} {ergonomic}
     bool UseCompressedOops                        = true                           {product lp64_product} {ergonomic}
     bool UseG1GC                                  = true                                      {product} {ergonomic}
     bool UseLargePagesIndividualAllocation        = false                                  {pd product} {ergonomic}

Logging:
Log output configuration:
 #0: stdout all=warning uptime,level,tags foldmultilines=false
 #1: stderr all=off uptime,level,tags foldmultilines=false

Environment Variables:
PATH=C:\Program Files\Microsoft\jdk-11.0.12.7-hotspot\bin;C:\Program Files\Common Files\Oracle\Java\javapath;C:\Windows\system32;C:\Windows;C:\Windows\System32\Wbem;C:\Windows\System32\WindowsPowerShell\v1.0\;C:\Windows\System32\OpenSSH\;C:\Program Files\Microsoft VS Code\bin;C:\Program Files\Java\jdk-19\bin;C:\Program Files\Microsoft SQL Server\150\Tools\Binn\;C:\Program Files\Microsoft SQL Server\Client SDK\ODBC\170\Tools\Binn\;C:\Program Files\dotnet\;C:\Program Files\MySQL\MySQL Shell 8.0\bin\;C:\Program Files (x86)\Microsoft Visual Studio\visual basic\Tools\WinNT;C:\Program Files (x86)\Microsoft Visual Studio\visual basic\MSDev98\Bin;C:\Program Files (x86)\Microsoft Visual Studio\visual basic\Tools;C:\Program Files (x86)\Microsoft Visual Studio\VC98\bin;C:\Users\lenovo\AppData\Local\Microsoft\WindowsApps;C:\Users\lenovo\.dotnet\tools
USERNAME=lenovo
OS=Windows_NT
PROCESSOR_IDENTIFIER=Intel64 Family 6 Model 61 Stepping 4, GenuineIntel
TMP=C:\Users\lenovo\AppData\Local\Temp
TEMP=C:\Users\lenovo\AppData\Local\Temp



---------------  S Y S T E M  ---------------

OS:
 Windows 10 , 64 bit Build 19041 (10.0.19041.2364)
OS uptime: 11 days 10:46 hours

CPU: total 4 (initial active 4) (2 cores per cpu, 2 threads per core) family 6 model 61 stepping 4 microcode 0x2d, cx8, cmov, fxsr, ht, mmx, 3dnowpref, sse, sse2, sse3, ssse3, sse4.1, sse4.2, popcnt, lzcnt, tsc, tscinvbit, avx, avx2, aes, erms, clmul, bmi1, bmi2, adx, fma, vzeroupper, clflush, rdtscp

Memory: 4k page, system-wide physical 4011M (541M free)
TotalPageFile size 16299M (AvailPageFile size 16M)
current process WorkingSet (physical memory assigned to process): 10M, peak: 10M
current process commit charge ("private bytes"): 51M, peak: 115M

vm_info: Java HotSpot(TM) 64-Bit Server VM (19+36-2238) for windows-amd64 JRE (19+36-2238), built on 2022-08-12T20:29:01Z by "mach5one" with MS VC++ 17.1 (VS2022)

END.
